Determining if the pthread_create exist failed with the following output:
Change Dir: /home/complubot/Documents/POLLOTRON/CODE/ros/tf_tutorial/build/CMakeFiles/CMakeTmp

Run Build Command:"/usr/bin/make" "cmTC_0c90d/fast"
/usr/bin/make -f CMakeFiles/cmTC_0c90d.dir/build.make CMakeFiles/cmTC_0c90d.dir/build
make[1]: Entering directory '/home/complubot/Documents/POLLOTRON/CODE/ros/tf_tutorial/build/CMakeFiles/CMakeTmp'
Building C object CMakeFiles/cmTC_0c90d.dir/CheckSymbolExists.c.o
/usr/bin/cc     -o CMakeFiles/cmTC_0c90d.dir/CheckSymbolExists.c.o   -c /home/complubot/Documents/POLLOTRON/CODE/ros/tf_tutorial/build/CMakeFiles/CMakeTmp/CheckSymbolExists.c
Linking C executable cmTC_0c90d
/usr/bin/cmake -E cmake_link_script CMakeFiles/cmTC_0c90d.dir/link.txt --verbose=1
/usr/bin/cc       CMakeFiles/cmTC_0c90d.dir/CheckSymbolExists.c.o  -o cmTC_0c90d -rdynamic 
CMakeFiles/cmTC_0c90d.dir/CheckSymbolExists.c.o: In function `main':
CheckSymbolExists.c:(.text+0x16): undefined reference to `pthread_create'
collect2: error: ld returned 1 exit status
CMakeFiles/cmTC_0c90d.dir/build.make:97: recipe for target 'cmTC_0c90d' failed
make[1]: *** [cmTC_0c90d] Error 1
make[1]: Leaving directory '/home/complubot/Documents/POLLOTRON/CODE/ros/tf_tutorial/build/CMakeFiles/CMakeTmp'
Makefile:126: recipe for target 'cmTC_0c90d/fast' failed
make: *** [cmTC_0c90d/fast] Error 2

File /home/complubot/Documents/POLLOTRON/CODE/ros/tf_tutorial/build/CMakeFiles/CMakeTmp/CheckSymbolExists.c:
/* */
#include <pthread.h>

int main(int argc, char** argv)
{
  (void)argv;
#ifndef pthread_create
  return ((int*)(&pthread_create))[argc];
#else
  (void)argc;
  return 0;
#endif
}

Determining if the function pthread_create exists in the pthreads failed with the following output:
Change Dir: /home/complubot/Documents/POLLOTRON/CODE/ros/tf_tutorial/build/CMakeFiles/CMakeTmp

Run Build Command:"/usr/bin/make" "cmTC_8335c/fast"
/usr/bin/make -f CMakeFiles/cmTC_8335c.dir/build.make CMakeFiles/cmTC_8335c.dir/build
make[1]: Entering directory '/home/complubot/Documents/POLLOTRON/CODE/ros/tf_tutorial/build/CMakeFiles/CMakeTmp'
Building C object CMakeFiles/cmTC_8335c.dir/CheckFunctionExists.c.o
/usr/bin/cc    -DCHECK_FUNCTION_EXISTS=pthread_create   -o CMakeFiles/cmTC_8335c.dir/CheckFunctionExists.c.o   -c /usr/share/cmake-3.5/Modules/CheckFunctionExists.c
Linking C executable cmTC_8335c
/usr/bin/cmake -E cmake_link_script CMakeFiles/cmTC_8335c.dir/link.txt --verbose=1
/usr/bin/cc   -DCHECK_FUNCTION_EXISTS=pthread_create    CMakeFiles/cmTC_8335c.dir/CheckFunctionExists.c.o  -o cmTC_8335c -rdynamic -lpthreads 
/usr/bin/ld: cannot find -lpthreads
collect2: error: ld returned 1 exit status
CMakeFiles/cmTC_8335c.dir/build.make:97: recipe for target 'cmTC_8335c' failed
make[1]: *** [cmTC_8335c] Error 1
make[1]: Leaving directory '/home/complubot/Documents/POLLOTRON/CODE/ros/tf_tutorial/build/CMakeFiles/CMakeTmp'
Makefile:126: recipe for target 'cmTC_8335c/fast' failed
make: *** [cmTC_8335c/fast] Error 2


