Determining if the pthread_create exist failed with the following output:
Change Dir: /home/complubot/Documents/POLLOTRON/CODE/ros/pollotron/build/CMakeFiles/CMakeTmp

Run Build Command:"/usr/bin/make" "cmTC_ada19/fast"
/usr/bin/make -f CMakeFiles/cmTC_ada19.dir/build.make CMakeFiles/cmTC_ada19.dir/build
make[1]: Entering directory '/home/complubot/Documents/POLLOTRON/CODE/ros/pollotron/build/CMakeFiles/CMakeTmp'
Building C object CMakeFiles/cmTC_ada19.dir/CheckSymbolExists.c.o
/usr/bin/cc     -o CMakeFiles/cmTC_ada19.dir/CheckSymbolExists.c.o   -c /home/complubot/Documents/POLLOTRON/CODE/ros/pollotron/build/CMakeFiles/CMakeTmp/CheckSymbolExists.c
Linking C executable cmTC_ada19
/usr/bin/cmake -E cmake_link_script CMakeFiles/cmTC_ada19.dir/link.txt --verbose=1
/usr/bin/cc       CMakeFiles/cmTC_ada19.dir/CheckSymbolExists.c.o  -o cmTC_ada19 -rdynamic 
CMakeFiles/cmTC_ada19.dir/CheckSymbolExists.c.o: In function `main':
CheckSymbolExists.c:(.text+0x16): undefined reference to `pthread_create'
collect2: error: ld returned 1 exit status
CMakeFiles/cmTC_ada19.dir/build.make:97: recipe for target 'cmTC_ada19' failed
make[1]: *** [cmTC_ada19] Error 1
make[1]: Leaving directory '/home/complubot/Documents/POLLOTRON/CODE/ros/pollotron/build/CMakeFiles/CMakeTmp'
Makefile:126: recipe for target 'cmTC_ada19/fast' failed
make: *** [cmTC_ada19/fast] Error 2

File /home/complubot/Documents/POLLOTRON/CODE/ros/pollotron/build/CMakeFiles/CMakeTmp/CheckSymbolExists.c:
/* */
#include <pthread.h>

int main(int argc, char** argv)
{
  (void)argv;
#ifndef pthread_create
  return ((int*)(&pthread_create))[argc];
#else
  (void)argc;
  return 0;
#endif
}

Determining if the function pthread_create exists in the pthreads failed with the following output:
Change Dir: /home/complubot/Documents/POLLOTRON/CODE/ros/pollotron/build/CMakeFiles/CMakeTmp

Run Build Command:"/usr/bin/make" "cmTC_c2d44/fast"
/usr/bin/make -f CMakeFiles/cmTC_c2d44.dir/build.make CMakeFiles/cmTC_c2d44.dir/build
make[1]: Entering directory '/home/complubot/Documents/POLLOTRON/CODE/ros/pollotron/build/CMakeFiles/CMakeTmp'
Building C object CMakeFiles/cmTC_c2d44.dir/CheckFunctionExists.c.o
/usr/bin/cc    -DCHECK_FUNCTION_EXISTS=pthread_create   -o CMakeFiles/cmTC_c2d44.dir/CheckFunctionExists.c.o   -c /usr/share/cmake-3.5/Modules/CheckFunctionExists.c
Linking C executable cmTC_c2d44
/usr/bin/cmake -E cmake_link_script CMakeFiles/cmTC_c2d44.dir/link.txt --verbose=1
/usr/bin/cc   -DCHECK_FUNCTION_EXISTS=pthread_create    CMakeFiles/cmTC_c2d44.dir/CheckFunctionExists.c.o  -o cmTC_c2d44 -rdynamic -lpthreads 
/usr/bin/ld: cannot find -lpthreads
collect2: error: ld returned 1 exit status
CMakeFiles/cmTC_c2d44.dir/build.make:97: recipe for target 'cmTC_c2d44' failed
make[1]: *** [cmTC_c2d44] Error 1
make[1]: Leaving directory '/home/complubot/Documents/POLLOTRON/CODE/ros/pollotron/build/CMakeFiles/CMakeTmp'
Makefile:126: recipe for target 'cmTC_c2d44/fast' failed
make: *** [cmTC_c2d44/fast] Error 2


